[13-Dec-2021 13:52:30 Asia/Seoul] PHP Notice:  Undefined index: HTTP_REFERER in C:\Users\ÀÌÁÖ¿ë\AppData\Roaming\Code\User\globalStorage\humy2833.ftp-simple\remote-workspace-temp\6413a2de11cbb12e5bd7405505d90836\var\www\html\academy\high_sch\high_update.php on line 3
[13-Dec-2021 13:52:30 Asia/Seoul] PHP Stack trace:
[13-Dec-2021 13:52:30 Asia/Seoul] PHP   1. {main}() C:\Users\ÀÌÁÖ¿ë\AppData\Roaming\Code\User\globalStorage\humy2833.ftp-simple\remote-workspace-temp\6413a2de11cbb12e5bd7405505d90836\var\www\html\academy\high_sch\high_update.php:0
[13-Dec-2021 13:52:30 Asia/Seoul] PHP Notice:  Undefined index: id in C:\Users\ÀÌÁÖ¿ë\AppData\Roaming\Code\User\globalStorage\humy2833.ftp-simple\remote-workspace-temp\6413a2de11cbb12e5bd7405505d90836\var\www\html\academy\high_sch\high_update.php on line 8
[13-Dec-2021 13:52:30 Asia/Seoul] PHP Stack trace:
[13-Dec-2021 13:52:30 Asia/Seoul] PHP   1. {main}() C:\Users\ÀÌÁÖ¿ë\AppData\Roaming\Code\User\globalStorage\humy2833.ftp-simple\remote-workspace-temp\6413a2de11cbb12e5bd7405505d90836\var\www\html\academy\high_sch\high_update.php:0
[13-Dec-2021 13:52:30 Asia/Seoul] PHP Notice:  Undefined variable: con in C:\Users\ÀÌÁÖ¿ë\AppData\Roaming\Code\User\globalStorage\humy2833.ftp-simple\remote-workspace-temp\6413a2de11cbb12e5bd7405505d90836\var\www\html\academy\high_sch\high_update.php on line 12
[13-Dec-2021 13:52:30 Asia/Seoul] PHP Stack trace:
[13-Dec-2021 13:52:30 Asia/Seoul] PHP   1. {main}() C:\Users\ÀÌÁÖ¿ë\AppData\Roaming\Code\User\globalStorage\humy2833.ftp-simple\remote-workspace-temp\6413a2de11cbb12e5bd7405505d90836\var\www\html\academy\high_sch\high_update.php:0
[13-Dec-2021 13:52:30 Asia/Seoul] PHP Warning:  mysqli_query() expects parameter 1 to be mysqli, null given in C:\Users\ÀÌÁÖ¿ë\AppData\Roaming\Code\User\globalStorage\humy2833.ftp-simple\remote-workspace-temp\6413a2de11cbb12e5bd7405505d90836\var\www\html\academy\high_sch\high_update.php on line 12
[13-Dec-2021 13:52:30 Asia/Seoul] PHP Stack trace:
[13-Dec-2021 13:52:30 Asia/Seoul] PHP   1. {main}() C:\Users\ÀÌÁÖ¿ë\AppData\Roaming\Code\User\globalStorage\humy2833.ftp-simple\remote-workspace-temp\6413a2de11cbb12e5bd7405505d90836\var\www\html\academy\high_sch\high_update.php:0
[13-Dec-2021 13:52:30 Asia/Seoul] PHP   2. mysqli_query() C:\Users\ÀÌÁÖ¿ë\AppData\Roaming\Code\User\globalStorage\humy2833.ftp-simple\remote-workspace-temp\6413a2de11cbb12e5bd7405505d90836\var\www\html\academy\high_sch\high_update.php:12
[13-Dec-2021 13:52:30 Asia/Seoul] PHP Warning:  mysqli_fetch_array() expects parameter 1 to be mysqli_result, null given in C:\Users\ÀÌÁÖ¿ë\AppData\Roaming\Code\User\globalStorage\humy2833.ftp-simple\remote-workspace-temp\6413a2de11cbb12e5bd7405505d90836\var\www\html\academy\high_sch\high_update.php on line 13
[13-Dec-2021 13:52:30 Asia/Seoul] PHP Stack trace:
[13-Dec-2021 13:52:30 Asia/Seoul] PHP   1. {main}() C:\Users\ÀÌÁÖ¿ë\AppData\Roaming\Code\User\globalStorage\humy2833.ftp-simple\remote-workspace-temp\6413a2de11cbb12e5bd7405505d90836\var\www\html\academy\high_sch\high_update.php:0
[13-Dec-2021 13:52:30 Asia/Seoul] PHP   2. mysqli_fetch_array() C:\Users\ÀÌÁÖ¿ë\AppData\Roaming\Code\User\globalStorage\humy2833.ftp-simple\remote-workspace-temp\6413a2de11cbb12e5bd7405505d90836\var\www\html\academy\high_sch\high_update.php:13
[13-Dec-2021 13:52:30 Asia/Seoul] PHP Notice:  Use of undefined constant êµ­ë¦½ - assumed 'êµ­ë¦½' in C:\Users\ÀÌÁÖ¿ë\AppData\Roaming\Code\User\globalStorage\humy2833.ftp-simple\remote-workspace-temp\6413a2de11cbb12e5bd7405505d90836\var\www\html\academy\high_sch\high_update.php on line 51
[13-Dec-2021 13:52:30 Asia/Seoul] PHP Stack trace:
[13-Dec-2021 13:52:30 Asia/Seoul] PHP   1. {main}() C:\Users\ÀÌÁÖ¿ë\AppData\Roaming\Code\User\globalStorage\humy2833.ftp-simple\remote-workspace-temp\6413a2de11cbb12e5bd7405505d90836\var\www\html\academy\high_sch\high_update.php:0
[13-Dec-2021 13:52:30 Asia/Seoul] PHP Notice:  Use of undefined constant ê³µë¦½ - assumed 'ê³µë¦½' in C:\Users\ÀÌÁÖ¿ë\AppData\Roaming\Code\User\globalStorage\humy2833.ftp-simple\remote-workspace-temp\6413a2de11cbb12e5bd7405505d90836\var\www\html\academy\high_sch\high_update.php on line 52
[13-Dec-2021 13:52:30 Asia/Seoul] PHP Stack trace:
[13-Dec-2021 13:52:30 Asia/Seoul] PHP   1. {main}() C:\Users\ÀÌÁÖ¿ë\AppData\Roaming\Code\User\globalStorage\humy2833.ftp-simple\remote-workspace-temp\6413a2de11cbb12e5bd7405505d90836\var\www\html\academy\high_sch\high_update.php:0
[13-Dec-2021 13:52:30 Asia/Seoul] PHP Notice:  Use of undefined constant ì‚¬ë¦½ - assumed 'ì‚¬ë¦½' in C:\Users\ÀÌÁÖ¿ë\AppData\Roaming\Code\User\globalStorage\humy2833.ftp-simple\remote-workspace-temp\6413a2de11cbb12e5bd7405505d90836\var\www\html\academy\high_sch\high_update.php on line 53
[13-Dec-2021 13:52:30 Asia/Seoul] PHP Stack trace:
[13-Dec-2021 13:52:30 Asia/Seoul] PHP   1. {main}() C:\Users\ÀÌÁÖ¿ë\AppData\Roaming\Code\User\globalStorage\humy2833.ftp-simple\remote-workspace-temp\6413a2de11cbb12e5bd7405505d90836\var\www\html\academy\high_sch\high_update.php:0
[13-Dec-2021 13:52:30 Asia/Seoul] PHP Notice:  Use of undefined constant ì„œìš¸íŠ¹ë³„ì‹œêµìœ¡ì²­ - assumed 'ì„œìš¸íŠ¹ë³„ì‹œêµìœ¡ì²­' in C:\Users\ÀÌÁÖ¿ë\AppData\Roaming\Code\User\globalStorage\humy2833.ftp-simple\remote-workspace-temp\6413a2de11cbb12e5bd7405505d90836\var\www\html\academy\high_sch\high_update.php on line 58
[13-Dec-2021 13:52:30 Asia/Seoul] PHP Stack trace:
[13-Dec-2021 13:52:30 Asia/Seoul] PHP   1. {main}() C:\Users\ÀÌÁÖ¿ë\AppData\Roaming\Code\User\globalStorage\humy2833.ftp-simple\remote-workspace-temp\6413a2de11cbb12e5bd7405505d90836\var\www\html\academy\high_sch\high_update.php:0
[13-Dec-2021 13:52:30 Asia/Seoul] PHP Notice:  Use of undefined constant ë¶€ì‚°ê´‘ì—­ì‹œêµìœ¡ì²­ - assumed 'ë¶€ì‚°ê´‘ì—­ì‹œêµìœ¡ì²­' in C:\Users\ÀÌÁÖ¿ë\AppData\Roaming\Code\User\globalStorage\humy2833.ftp-simple\remote-workspace-temp\6413a2de11cbb12e5bd7405505d90836\var\www\html\academy\high_sch\high_update.php on line 59
[13-Dec-2021 13:52:30 Asia/Seoul] PHP Stack trace:
[13-Dec-2021 13:52:30 Asia/Seoul] PHP   1. {main}() C:\Users\ÀÌÁÖ¿ë\AppData\Roaming\Code\User\globalStorage\humy2833.ftp-simple\remote-workspace-temp\6413a2de11cbb12e5bd7405505d90836\var\www\html\academy\high_sch\high_update.php:0
[13-Dec-2021 13:52:30 Asia/Seoul] PHP Notice:  Use of undefined constant ëŒ€êµ¬ê´‘ì—­ì‹œêµìœ¡ì²­ - assumed 'ëŒ€êµ¬ê´‘ì—­ì‹œêµìœ¡ì²­' in C:\Users\ÀÌÁÖ¿ë\AppData\Roaming\Code\User\globalStorage\humy2833.ftp-simple\remote-workspace-temp\6413a2de11cbb12e5bd7405505d90836\var\www\html\academy\high_sch\high_update.php on line 60
[13-Dec-2021 13:52:30 Asia/Seoul] PHP Stack trace:
[13-Dec-2021 13:52:30 Asia/Seoul] PHP   1. {main}() C:\Users\ÀÌÁÖ¿ë\AppData\Roaming\Code\User\globalStorage\humy2833.ftp-simple\remote-workspace-temp\6413a2de11cbb12e5bd7405505d90836\var\www\html\academy\high_sch\high_update.php:0
[13-Dec-2021 13:52:30 Asia/Seoul] PHP Notice:  Use of undefined constant ì„œìš¸íŠ¹ë³„ì‹œêµìœ¡ì²­ - assumed 'ì„œìš¸íŠ¹ë³„ì‹œêµìœ¡ì²­' in C:\Users\ÀÌÁÖ¿ë\AppData\Roaming\Code\User\globalStorage\humy2833.ftp-simple\remote-workspace-temp\6413a2de11cbb12e5bd7405505d90836\var\www\html\academy\high_sch\high_update.php on line 61
[13-Dec-2021 13:52:30 Asia/Seoul] PHP Stack trace:
[13-Dec-2021 13:52:30 Asia/Seoul] PHP   1. {main}() C:\Users\ÀÌÁÖ¿ë\AppData\Roaming\Code\User\globalStorage\humy2833.ftp-simple\remote-workspace-temp\6413a2de11cbb12e5bd7405505d90836\var\www\html\academy\high_sch\high_update.php:0
[13-Dec-2021 13:52:30 Asia/Seoul] PHP Notice:  Use of undefined constant ì„œìš¸íŠ¹ë³„ì‹œêµìœ¡ì²­ - assumed 'ì„œìš¸íŠ¹ë³„ì‹œêµìœ¡ì²­' in C:\Users\ÀÌÁÖ¿ë\AppData\Roaming\Code\User\globalStorage\humy2833.ftp-simple\remote-workspace-temp\6413a2de11cbb12e5bd7405505d90836\var\www\html\academy\high_sch\high_update.php on line 62
[13-Dec-2021 13:52:30 Asia/Seoul] PHP Stack trace:
[13-Dec-2021 13:52:30 Asia/Seoul] PHP   1. {main}() C:\Users\ÀÌÁÖ¿ë\AppData\Roaming\Code\User\globalStorage\humy2833.ftp-simple\remote-workspace-temp\6413a2de11cbb12e5bd7405505d90836\var\www\html\academy\high_sch\high_update.php:0
[13-Dec-2021 13:52:30 Asia/Seoul] PHP Notice:  Use of undefined constant ì„œìš¸íŠ¹ë³„ì‹œêµìœ¡ì²­ - assumed 'ì„œìš¸íŠ¹ë³„ì‹œêµìœ¡ì²­' in C:\Users\ÀÌÁÖ¿ë\AppData\Roaming\Code\User\globalStorage\humy2833.ftp-simple\remote-workspace-temp\6413a2de11cbb12e5bd7405505d90836\var\www\html\academy\high_sch\high_update.php on line 63
[13-Dec-2021 13:52:30 Asia/Seoul] PHP Stack trace:
[13-Dec-2021 13:52:30 Asia/Seoul] PHP   1. {main}() C:\Users\ÀÌÁÖ¿ë\AppData\Roaming\Code\User\globalStorage\humy2833.ftp-simple\remote-workspace-temp\6413a2de11cbb12e5bd7405505d90836\var\www\html\academy\high_sch\high_update.php:0
[13-Dec-2021 13:52:30 Asia/Seoul] PHP Notice:  Use of undefined constant ì„œìš¸íŠ¹ë³„ì‹œêµìœ¡ì²­ - assumed 'ì„œìš¸íŠ¹ë³„ì‹œêµìœ¡ì²­' in C:\Users\ÀÌÁÖ¿ë\AppData\Roaming\Code\User\globalStorage\humy2833.ftp-simple\remote-workspace-temp\6413a2de11cbb12e5bd7405505d90836\var\www\html\academy\high_sch\high_update.php on line 64
[13-Dec-2021 13:52:30 Asia/Seoul] PHP Stack trace:
[13-Dec-2021 13:52:30 Asia/Seoul] PHP   1. {main}() C:\Users\ÀÌÁÖ¿ë\AppData\Roaming\Code\User\globalStorage\humy2833.ftp-simple\remote-workspace-temp\6413a2de11cbb12e5bd7405505d90836\var\www\html\academy\high_sch\high_update.php:0
[13-Dec-2021 13:52:30 Asia/Seoul] PHP Notice:  Use of undefined constant ì„œìš¸íŠ¹ë³„ì‹œêµìœ¡ì²­ - assumed 'ì„œìš¸íŠ¹ë³„ì‹œêµìœ¡ì²­' in C:\Users\ÀÌÁÖ¿ë\AppData\Roaming\Code\User\globalStorage\humy2833.ftp-simple\remote-workspace-temp\6413a2de11cbb12e5bd7405505d90836\var\www\html\academy\high_sch\high_update.php on line 65
[13-Dec-2021 13:52:30 Asia/Seoul] PHP Stack trace:
[13-Dec-2021 13:52:30 Asia/Seoul] PHP   1. {main}() C:\Users\ÀÌÁÖ¿ë\AppData\Roaming\Code\User\globalStorage\humy2833.ftp-simple\remote-workspace-temp\6413a2de11cbb12e5bd7405505d90836\var\www\html\academy\high_sch\high_update.php:0
[13-Dec-2021 13:52:30 Asia/Seoul] PHP Notice:  Use of undefined constant ì„œìš¸íŠ¹ë³„ì‹œêµìœ¡ì²­ - assumed 'ì„œìš¸íŠ¹ë³„ì‹œêµìœ¡ì²­' in C:\Users\ÀÌÁÖ¿ë\AppData\Roaming\Code\User\globalStorage\humy2833.ftp-simple\remote-workspace-temp\6413a2de11cbb12e5bd7405505d90836\var\www\html\academy\high_sch\high_update.php on line 66
[13-Dec-2021 13:52:30 Asia/Seoul] PHP Stack trace:
[13-Dec-2021 13:52:30 Asia/Seoul] PHP   1. {main}() C:\Users\ÀÌÁÖ¿ë\AppData\Roaming\Code\User\globalStorage\humy2833.ftp-simple\remote-workspace-temp\6413a2de11cbb12e5bd7405505d90836\var\www\html\academy\high_sch\high_update.php:0
[13-Dec-2021 13:52:30 Asia/Seoul] PHP Notice:  Use of undefined constant ì„œìš¸íŠ¹ë³„ì‹œêµìœ¡ì²­ - assumed 'ì„œìš¸íŠ¹ë³„ì‹œêµìœ¡ì²­' in C:\Users\ÀÌÁÖ¿ë\AppData\Roaming\Code\User\globalStorage\humy2833.ftp-simple\remote-workspace-temp\6413a2de11cbb12e5bd7405505d90836\var\www\html\academy\high_sch\high_update.php on line 67
[13-Dec-2021 13:52:30 Asia/Seoul] PHP Stack trace:
[13-Dec-2021 13:52:30 Asia/Seoul] PHP   1. {main}() C:\Users\ÀÌÁÖ¿ë\AppData\Roaming\Code\User\globalStorage\humy2833.ftp-simple\remote-workspace-temp\6413a2de11cbb12e5bd7405505d90836\var\www\html\academy\high_sch\high_update.php:0
[13-Dec-2021 13:52:30 Asia/Seoul] PHP Notice:  Use of undefined constant ì„œìš¸íŠ¹ë³„ì‹œêµìœ¡ì²­ - assumed 'ì„œìš¸íŠ¹ë³„ì‹œêµìœ¡ì²­' in C:\Users\ÀÌÁÖ¿ë\AppData\Roaming\Code\User\globalStorage\humy2833.ftp-simple\remote-workspace-temp\6413a2de11cbb12e5bd7405505d90836\var\www\html\academy\high_sch\high_update.php on line 68
[13-Dec-2021 13:52:30 Asia/Seoul] PHP Stack trace:
[13-Dec-2021 13:52:30 Asia/Seoul] PHP   1. {main}() C:\Users\ÀÌÁÖ¿ë\AppData\Roaming\Code\User\globalStorage\humy2833.ftp-simple\remote-workspace-temp\6413a2de11cbb12e5bd7405505d90836\var\www\html\academy\high_sch\high_update.php:0
[13-Dec-2021 13:52:30 Asia/Seoul] PHP Notice:  Use of undefined constant ì„œìš¸íŠ¹ë³„ì‹œêµìœ¡ì²­ - assumed 'ì„œìš¸íŠ¹ë³„ì‹œêµìœ¡ì²­' in C:\Users\ÀÌÁÖ¿ë\AppData\Roaming\Code\User\globalStorage\humy2833.ftp-simple\remote-workspace-temp\6413a2de11cbb12e5bd7405505d90836\var\www\html\academy\high_sch\high_update.php on line 69
[13-Dec-2021 13:52:30 Asia/Seoul] PHP Stack trace:
[13-Dec-2021 13:52:30 Asia/Seoul] PHP   1. {main}() C:\Users\ÀÌÁÖ¿ë\AppData\Roaming\Code\User\globalStorage\humy2833.ftp-simple\remote-workspace-temp\6413a2de11cbb12e5bd7405505d90836\var\www\html\academy\high_sch\high_update.php:0
[13-Dec-2021 13:52:30 Asia/Seoul] PHP Notice:  Use of undefined constant ì„œìš¸íŠ¹ë³„ì‹œêµìœ¡ì²­ - assumed 'ì„œìš¸íŠ¹ë³„ì‹œêµìœ¡ì²­' in C:\Users\ÀÌÁÖ¿ë\AppData\Roaming\Code\User\globalStorage\humy2833.ftp-simple\remote-workspace-temp\6413a2de11cbb12e5bd7405505d90836\var\www\html\academy\high_sch\high_update.php on line 70
[13-Dec-2021 13:52:30 Asia/Seoul] PHP Stack trace:
[13-Dec-2021 13:52:30 Asia/Seoul] PHP   1. {main}() C:\Users\ÀÌÁÖ¿ë\AppData\Roaming\Code\User\globalStorage\humy2833.ftp-simple\remote-workspace-temp\6413a2de11cbb12e5bd7405505d90836\var\www\html\academy\high_sch\high_update.php:0
[13-Dec-2021 13:52:30 Asia/Seoul] PHP Notice:  Use of undefined constant ì„œìš¸íŠ¹ë³„ì‹œêµìœ¡ì²­ - assumed 'ì„œìš¸íŠ¹ë³„ì‹œêµìœ¡ì²­' in C:\Users\ÀÌÁÖ¿ë\AppData\Roaming\Code\User\globalStorage\humy2833.ftp-simple\remote-workspace-temp\6413a2de11cbb12e5bd7405505d90836\var\www\html\academy\high_sch\high_update.php on line 71
[13-Dec-2021 13:52:30 Asia/Seoul] PHP Stack trace:
[13-Dec-2021 13:52:30 Asia/Seoul] PHP   1. {main}() C:\Users\ÀÌÁÖ¿ë\AppData\Roaming\Code\User\globalStorage\humy2833.ftp-simple\remote-workspace-temp\6413a2de11cbb12e5bd7405505d90836\var\www\html\academy\high_sch\high_update.php:0
[13-Dec-2021 13:52:30 Asia/Seoul] PHP Notice:  Use of undefined constant ì„œìš¸íŠ¹ë³„ì‹œêµìœ¡ì²­ - assumed 'ì„œìš¸íŠ¹ë³„ì‹œêµìœ¡ì²­' in C:\Users\ÀÌÁÖ¿ë\AppData\Roaming\Code\User\globalStorage\humy2833.ftp-simple\remote-workspace-temp\6413a2de11cbb12e5bd7405505d90836\var\www\html\academy\high_sch\high_update.php on line 72
[13-Dec-2021 13:52:30 Asia/Seoul] PHP Stack trace:
[13-Dec-2021 13:52:30 Asia/Seoul] PHP   1. {main}() C:\Users\ÀÌÁÖ¿ë\AppData\Roaming\Code\User\globalStorage\humy2833.ftp-simple\remote-workspace-temp\6413a2de11cbb12e5bd7405505d90836\var\www\html\academy\high_sch\high_update.php:0
[13-Dec-2021 13:52:30 Asia/Seoul] PHP Notice:  Use of undefined constant ì„œìš¸íŠ¹ë³„ì‹œêµìœ¡ì²­ - assumed 'ì„œìš¸íŠ¹ë³„ì‹œêµìœ¡ì²­' in C:\Users\ÀÌÁÖ¿ë\AppData\Roaming\Code\User\globalStorage\humy2833.ftp-simple\remote-workspace-temp\6413a2de11cbb12e5bd7405505d90836\var\www\html\academy\high_sch\high_update.php on line 73
[13-Dec-2021 13:52:30 Asia/Seoul] PHP Stack trace:
[13-Dec-2021 13:52:30 Asia/Seoul] PHP   1. {main}() C:\Users\ÀÌÁÖ¿ë\AppData\Roaming\Code\User\globalStorage\humy2833.ftp-simple\remote-workspace-temp\6413a2de11cbb12e5bd7405505d90836\var\www\html\academy\high_sch\high_update.php:0
[13-Dec-2021 13:52:30 Asia/Seoul] PHP Notice:  Use of undefined constant ì„œìš¸íŠ¹ë³„ì‹œêµìœ¡ì²­ - assumed 'ì„œìš¸íŠ¹ë³„ì‹œêµìœ¡ì²­' in C:\Users\ÀÌÁÖ¿ë\AppData\Roaming\Code\User\globalStorage\humy2833.ftp-simple\remote-workspace-temp\6413a2de11cbb12e5bd7405505d90836\var\www\html\academy\high_sch\high_update.php on line 74
[13-Dec-2021 13:52:30 Asia/Seoul] PHP Stack trace:
[13-Dec-2021 13:52:30 Asia/Seoul] PHP   1. {main}() C:\Users\ÀÌÁÖ¿ë\AppData\Roaming\Code\User\globalStorage\humy2833.ftp-simple\remote-workspace-temp\6413a2de11cbb12e5bd7405505d90836\var\www\html\academy\high_sch\high_update.php:0
[13-Dec-2021 13:52:30 Asia/Seoul] PHP Notice:  Use of undefined constant ì„œìš¸íŠ¹ë³„ì‹œêµìœ¡ì²­ - assumed 'ì„œìš¸íŠ¹ë³„ì‹œêµìœ¡ì²­' in C:\Users\ÀÌÁÖ¿ë\AppData\Roaming\Code\User\globalStorage\humy2833.ftp-simple\remote-workspace-temp\6413a2de11cbb12e5bd7405505d90836\var\www\html\academy\high_sch\high_update.php on line 75
[13-Dec-2021 13:52:30 Asia/Seoul] PHP Stack trace:
[13-Dec-2021 13:52:30 Asia/Seoul] PHP   1. {main}() C:\Users\ÀÌÁÖ¿ë\AppData\Roaming\Code\User\globalStorage\humy2833.ftp-simple\remote-workspace-temp\6413a2de11cbb12e5bd7405505d90836\var\www\html\academy\high_sch\high_update.php:0
[13-Dec-2021 13:52:30 Asia/Seoul] PHP Notice:  Use of undefined constant ë‚¨ì„± - assumed 'ë‚¨ì„±' in C:\Users\ÀÌÁÖ¿ë\AppData\Roaming\Code\User\globalStorage\humy2833.ftp-simple\remote-workspace-temp\6413a2de11cbb12e5bd7405505d90836\var\www\html\academy\high_sch\high_update.php on line 83
[13-Dec-2021 13:52:30 Asia/Seoul] PHP Stack trace:
[13-Dec-2021 13:52:30 Asia/Seoul] PHP   1. {main}() C:\Users\ÀÌÁÖ¿ë\AppData\Roaming\Code\User\globalStorage\humy2833.ftp-simple\remote-workspace-temp\6413a2de11cbb12e5bd7405505d90836\var\www\html\academy\high_sch\high_update.php:0
[13-Dec-2021 13:52:30 Asia/Seoul] PHP Notice:  Use of undefined constant ì—¬ì„± - assumed 'ì—¬ì„±' in C:\Users\ÀÌÁÖ¿ë\AppData\Roaming\Code\User\globalStorage\humy2833.ftp-simple\remote-workspace-temp\6413a2de11cbb12e5bd7405505d90836\var\www\html\academy\high_sch\high_update.php on line 84
[13-Dec-2021 13:52:30 Asia/Seoul] PHP Stack trace:
[13-Dec-2021 13:52:30 Asia/Seoul] PHP   1. {main}() C:\Users\ÀÌÁÖ¿ë\AppData\Roaming\Code\User\globalStorage\humy2833.ftp-simple\remote-workspace-temp\6413a2de11cbb12e5bd7405505d90836\var\www\html\academy\high_sch\high_update.php:0
[13-Dec-2021 13:52:30 Asia/Seoul] PHP Notice:  Use of undefined constant ê³µí•™ - assumed 'ê³µí•™' in C:\Users\ÀÌÁÖ¿ë\AppData\Roaming\Code\User\globalStorage\humy2833.ftp-simple\remote-workspace-temp\6413a2de11cbb12e5bd7405505d90836\var\www\html\academy\high_sch\high_update.php on line 85
[13-Dec-2021 13:52:30 Asia/Seoul] PHP Stack trace:
[13-Dec-2021 13:52:30 Asia/Seoul] PHP   1. {main}() C:\Users\ÀÌÁÖ¿ë\AppData\Roaming\Code\User\globalStorage\humy2833.ftp-simple\remote-workspace-temp\6413a2de11cbb12e5bd7405505d90836\var\www\html\academy\high_sch\high_update.php:0
[13-Dec-2021 13:52:30 Asia/Seoul] PHP Notice:  Use of undefined constant ì¼ë°˜ê³  - assumed 'ì¼ë°˜ê³ ' in C:\Users\ÀÌÁÖ¿ë\AppData\Roaming\Code\User\globalStorage\humy2833.ftp-simple\remote-workspace-temp\6413a2de11cbb12e5bd7405505d90836\var\www\html\academy\high_sch\high_update.php on line 90
[13-Dec-2021 13:52:30 Asia/Seoul] PHP Stack trace:
[13-Dec-2021 13:52:30 Asia/Seoul] PHP   1. {main}() C:\Users\ÀÌÁÖ¿ë\AppData\Roaming\Code\User\globalStorage\humy2833.ftp-simple\remote-workspace-temp\6413a2de11cbb12e5bd7405505d90836\var\www\html\academy\high_sch\high_update.php:0
[13-Dec-2021 13:52:30 Asia/Seoul] PHP Notice:  Use of undefined constant íŠ¹ì„±í™”ê³  - assumed 'íŠ¹ì„±í™”ê³ ' in C:\Users\ÀÌÁÖ¿ë\AppData\Roaming\Code\User\globalStorage\humy2833.ftp-simple\remote-workspace-temp\6413a2de11cbb12e5bd7405505d90836\var\www\html\academy\high_sch\high_update.php on line 91
[13-Dec-2021 13:52:30 Asia/Seoul] PHP Stack trace:
[13-Dec-2021 13:52:30 Asia/Seoul] PHP   1. {main}() C:\Users\ÀÌÁÖ¿ë\AppData\Roaming\Code\User\globalStorage\humy2833.ftp-simple\remote-workspace-temp\6413a2de11cbb12e5bd7405505d90836\var\www\html\academy\high_sch\high_update.php:0
[13-Dec-2021 13:52:30 Asia/Seoul] PHP Notice:  Use of undefined constant íŠ¹ëª©ê³  - assumed 'íŠ¹ëª©ê³ ' in C:\Users\ÀÌÁÖ¿ë\AppData\Roaming\Code\User\globalStorage\humy2833.ftp-simple\remote-workspace-temp\6413a2de11cbb12e5bd7405505d90836\var\www\html\academy\high_sch\high_update.php on line 92
[13-Dec-2021 13:52:30 Asia/Seoul] PHP Stack trace:
[13-Dec-2021 13:52:30 Asia/Seoul] PHP   1. {main}() C:\Users\ÀÌÁÖ¿ë\AppData\Roaming\Code\User\globalStorage\humy2833.ftp-simple\remote-workspace-temp\6413a2de11cbb12e5bd7405505d90836\var\www\html\academy\high_sch\high_update.php:0
[13-Dec-2021 13:52:30 Asia/Seoul] PHP Notice:  Use of undefined constant ììœ¨ê³  - assumed 'ììœ¨ê³ ' in C:\Users\ÀÌÁÖ¿ë\AppData\Roaming\Code\User\globalStorage\humy2833.ftp-simple\remote-workspace-temp\6413a2de11cbb12e5bd7405505d90836\var\www\html\academy\high_sch\high_update.php on line 93
[13-Dec-2021 13:52:31 Asia/Seoul] PHP Stack trace:
[13-Dec-2021 13:52:31 Asia/Seoul] PHP   1. {main}() C:\Users\ÀÌÁÖ¿ë\AppData\Roaming\Code\User\globalStorage\humy2833.ftp-simple\remote-workspace-temp\6413a2de11cbb12e5bd7405505d90836\var\www\html\academy\high_sch\high_update.php:0
[13-Dec-2021 13:52:31 Asia/Seoul] PHP Notice:  Use of undefined constant ì˜ì¬í•™êµ - assumed 'ì˜ì¬í•™êµ' in C:\Users\ÀÌÁÖ¿ë\AppData\Roaming\Code\User\globalStorage\humy2833.ftp-simple\remote-workspace-temp\6413a2de11cbb12e5bd7405505d90836\var\www\html\academy\high_sch\high_update.php on line 94
[13-Dec-2021 13:52:31 Asia/Seoul] PHP Stack trace:
[13-Dec-2021 13:52:31 Asia/Seoul] PHP   1. {main}() C:\Users\ÀÌÁÖ¿ë\AppData\Roaming\Code\User\globalStorage\humy2833.ftp-simple\remote-workspace-temp\6413a2de11cbb12e5bd7405505d90836\var\www\html\academy\high_sch\high_update.php:0
